2020-08-22T11:32:20.178647+09:00 0 [System] [MY-013169] [Server] /usr/sbin/mysqld (mysqld 8.0.21) initializing of server in progress as process 42
2020-08-22T11:32:20.201372+09:00 1 [System] [MY-013576] [InnoDB] InnoDB initialization has started.
2020-08-22T11:32:20.771575+09:00 1 [System] [MY-013577] [InnoDB] InnoDB initialization has ended.
2020-08-22T11:32:22.111425+09:00 6 [Warning] [MY-010453] [Server] root@localhost is created with an empty password ! Please consider switching off the --initialize-insecure option.
2020-08-22T11:32:29.186346+09:00 0 [System] [MY-010116] [Server] /usr/sbin/mysqld (mysqld 8.0.21) starting as process 89
2020-08-22T11:32:29.208471+09:00 1 [System] [MY-013576] [InnoDB] InnoDB initialization has started.
2020-08-22T11:32:29.479897+09:00 1 [System] [MY-013577] [InnoDB] InnoDB initialization has ended.
2020-08-22T11:32:29.608418+09:00 0 [System] [MY-011323] [Server] X Plugin ready for connections. Socket: /var/run/mysqld/mysqlx.sock
2020-08-22T11:32:29.857551+09:00 0 [Warning] [MY-010068] [Server] CA certificate ca.pem is self signed.
2020-08-22T11:32:29.858105+09:00 0 [System] [MY-013602] [Server] Channel mysql_main configured to support TLS. Encrypted connections are now supported for this channel.
2020-08-22T11:32:29.860188+09:00 0 [Warning] [MY-011810] [Server] Insecure configuration for --pid-file: Location '/var/run/mysqld' in the path is accessible to all OS users. Consider choosing a different directory.
2020-08-22T11:32:29.884884+09:00 0 [System] [MY-010931] [Server] /usr/sbin/mysqld: ready for connections. Version: '8.0.21'  socket: '/var/run/mysqld/mysqld.sock'  port: 0  MySQL Community Server - GPL.
2020-08-22T11:32:37.410200+09:00 14 [System] [MY-013172] [Server] Received SHUTDOWN from user root. Shutting down mysqld (Version: 8.0.21).
2020-08-22T11:32:39.326604+09:00 0 [System] [MY-010910] [Server] /usr/sbin/mysqld: Shutdown complete (mysqld 8.0.21)  MySQL Community Server - GPL.
2020-08-22T11:32:39.695376+09:00 0 [System] [MY-010116] [Server] /usr/sbin/mysqld (mysqld 8.0.21) starting as process 1
2020-08-22T11:32:39.709616+09:00 1 [System] [MY-013576] [InnoDB] InnoDB initialization has started.
2020-08-22T11:32:39.946719+09:00 1 [System] [MY-013577] [InnoDB] InnoDB initialization has ended.
2020-08-22T11:32:40.065934+09:00 0 [System] [MY-011323] [Server] X Plugin ready for connections. Bind-address: '::' port: 33060, socket: /var/run/mysqld/mysqlx.sock
2020-08-22T11:32:40.171775+09:00 0 [Warning] [MY-010068] [Server] CA certificate ca.pem is self signed.
2020-08-22T11:32:40.172337+09:00 0 [System] [MY-013602] [Server] Channel mysql_main configured to support TLS. Encrypted connections are now supported for this channel.
2020-08-22T11:32:40.175338+09:00 0 [Warning] [MY-011810] [Server] Insecure configuration for --pid-file: Location '/var/run/mysqld' in the path is accessible to all OS users. Consider choosing a different directory.
2020-08-22T11:32:40.195649+09:00 0 [System] [MY-010931] [Server] /usr/sbin/mysqld: ready for connections. Version: '8.0.21'  socket: '/var/run/mysqld/mysqld.sock'  port: 3306  MySQL Community Server - GPL.
